#
# There is insufficient memory for the Java Runtime Environment to continue.
# Native memory allocation (mmap) failed to map 2064384 bytes for G1 virtual space
# Possible reasons:
#   The system is out of physical RAM or swap space
#   The process is running with CompressedOops enabled, and the Java Heap may be blocking the growth of the native heap
# Possible solutions:
#   Reduce memory load on the system
#   Increase physical memory or swap space
#   Check if swap backing store is full
#   Decrease Java heap size (-Xmx/-Xms)
#   Decrease number of Java threads
#   Decrease Java thread stack sizes (-Xss)
#   Set larger code cache with -XX:ReservedCodeCacheSize=
#   JVM is running with Unscaled Compressed Oops mode in which the Java heap is
#     placed in the first 4GB address space. The Java Heap base address is the
#     maximum limit for the native heap growth. Please use -XX:HeapBaseMinAddress
#     to set the Java Heap base and to place the Java Heap above 4GB virtual address.
# This output file may be truncated or incomplete.
#
#  Out of Memory Error (os_windows.cpp:3530), pid=4052, tid=14032
#
# JRE version:  (18.0.1+10) (build )
# Java VM: Java HotSpot(TM) 64-Bit Server VM (18.0.1+10-24, mixed mode, sharing, tiered, compressed oops, compressed class ptrs, g1 gc, windows-amd64)
# No core dump will be written. Minidumps are not enabled by default on client versions of Windows
#

---------------  S U M M A R Y ------------

Command Line: -Dmaven.multiModuleProjectDirectory=C:\Users\Fritzgy Lubin\Desktop\todo-list\api -Dmaven.home=C:\Users\Fritzgy Lubin\.m2\wrapper\dists\apache-maven-3.8.4-bin\52ccbt68d252mdldqsfsn03jlf\apache-maven-3.8.4 -Dclassworlds.conf=C:\Users\Fritzgy Lubin\.m2\wrapper\dists\apache-maven-3.8.4-bin\52ccbt68d252mdldqsfsn03jlf\apache-maven-3.8.4\bin\m2.conf -Dmaven.ext.class.path=C:\Program Files\JetBrains\IntelliJ IDEA 2021.3.1\plugins\maven\lib\maven-event-listener.jar -javaagent:C:\Program Files\JetBrains\IntelliJ IDEA 2021.3.1\lib\idea_rt.jar=62030:C:\Program Files\JetBrains\IntelliJ IDEA 2021.3.1\bin -Dfile.encoding=UTF-8 org.codehaus.classworlds.Launcher -Didea.version=2021.3.1 compile

Host: Intel(R) Core(TM) i3-7130U CPU @ 2.70GHz, 4 cores, 7G,  Windows 10 , 64 bit Build 19041 (10.0.19041.1645)
Time: Sun May  8 22:50:44 2022 Paris, Madrid (heure duild 19041 (10.0.19041.1645) elapsed time: 0.036243 seconds (0d 0h 0m 0s)

---------------  T H R E A D  ---------------

Current thread (0x000002bfa0851410):  JavaThread "Unknown thread" [_thread_in_vm, id=14032, stack(0x000000fb60000000,0x000000fb60100000)]

Stack: [0x000000fb60000000,0x000000fb60100000]
Native frames: (J=compiled Java code, j=interpreted, Vv=VM code, C=native code)
V  [jvm.dll+0x69887a]
V  [jvm.dll+0x7f38bd]
V  [jvm.dll+0x7f51ce]
V  [jvm.dll+0x7f5883]
V  [jvm.dll+0x25ca3f]
V  [jvm.dll+0x6957c9]
V  [jvm.dll+0x68a2fa]
V  [jvm.dll+0x321efb]
V  [jvm.dll+0x3298d6]
V  [jvm.dll+0x37e4a8]
V  [jvm.dll+0x37e6af]
V  [jvm.dll+0x2f9c7a]
V  [jvm.dll+0x2facdd]
V  [jvm.dll+0x7c24f0]
V  [jvm.dll+0x38b801]
V  [jvm.dll+0x7a1203]
V  [jvm.dll+0x40d6bf]
V  [jvm.dll+0x40f091]
C  [jli.dll+0x526b]
C  [ucrtbase.dll+0x21bb2]
C  [KERNEL32.DLL+0x17034]
C  [ntdll.dll+0x52651]


---------------  P R O C E S S  ---------------

Threads class SMR info:
_java_thread_list=0x00007ffef231d550, length=0, elements={
}

Java Threads: ( => current thread )

Other Threads:
  0x000002bfa08b0ec0 WorkerThread "GC Thread#0" [stack: 0x000000fb60100000,0x000000fb60200000] [id=8892]
  0x000002bfa08c19b0 ConcurrentGCThread "G1 Main Marker" [stack: 0x000000fb60200000,0x000000fb60300000] [id=18848]
  0x000002bfa08c2b40 WorkerThread "G1 Conc#0" [stack: 0x000000fb60300000,0x000000fb60400000] [id=1320]

[error occurred during error reporting (printing all threads), id 0xc0000005, EXCEPTION_ACCESS_VIOLATION (0xc0000005) at pc=0x00007ffef1b4a217]

VM state: not at safepoint (not fully initialized)

VM Mutex/Monitor currently owned by a thread:  ([mutex/lock_event])
[0x000002bfa084d140] Heap_lock - owner thread: 0x000002bfa0851410

Heap address: 0x0000000082200000, size: 2014 MB, Compressed Oops mode: 32-bit

CDS archive(s) mapped at: [0x0000000000000000-0x0000000000000000-0x0000000000000000), size 0, SharedBaseAddress: 0x0000000800000000, ArchiveRelocationMode: 0.
Narrow klass base: 0x0000000000000000, Narrow klass shift: 0, Narrow klass range: 0x0

GC Precious Log:
 CardTable entry size: 512
 Card Set container configuration: InlinePtr #cards 5 size 8 Array Of Cards #cards 12 size 40 Howl #buckets 4 coarsen threshold 1843 Howl Bitmap #cards 512 size 80 coarsen threshold 460 Card regions per heap region 1 cards per card region 2048

Heap:
 garbage-first heap   total 0K, used 0K [0x0000000082200000, 0x0000000100000000)
  region size 1024K, 0 young (0K), 0 survivors (0K)

[error occurred during error reporting (printing heap information), id 0xc0000005, EXCEPTION_ACCESS_VIOLATION (0xc0000005) at pc=0x00007ffef1f30cb9]

GC Heap History (0 events):
No events

Deoptimization events (0 events):
No events

Classes loaded (0 events):
No events

Classes unloaded (0 events):
No events

Classes redefined (0 events):
No events

Internal exceptions (0 events):
No events

VM Operations (0 events):
No events

Events (1 events):
Event: 0.026 Loaded shared library C:\Program Files\Java\jdk-18.0.1\bin\java.dll


Dynamic libraries:
0x00007ff6d1f20000 - 0x00007ff6d1f30000 	C:\Program Files\Java\jdk-18.0.1\bin\java.exe
0x00007fff59410000 - 0x00007fff59605000 	C:\windows\SYSTEM32\ntdll.dll
0x00007fff58e80000 - 0x00007fff58f3e000 	C:\windows\System32\KERNEL32.DLL
0x00007fff56c70000 - 0x00007fff56f38000 	C:\windows\System32\KERNELBASE.dll
0x00007fff57000000 - 0x00007fff57100000 	C:\windows\System32\ucrtbase.dll
0x00007fff4fb10000 - 0x00007fff4fb28000 	C:\Program Files\Java\jdk-18.0.1\bin\jli.dll
0x00007fff4f310000 - 0x00007fff4f32a000 	C:\Program Files\Java\jdk-18.0.1\bin\VCRUNTIME140.dll
0x00007fff58c90000 - 0x00007fff58d3e000 	C:\windows\System32\ADVAPI32.dll
0x00007fff58240000 - 0x00007fff582de000 	C:\windows\System32\msvcrt.dll
0x00007fff581a0000 - 0x00007fff5823c000 	C:\windows\System32\sechost.dll
0x00007fff59170000 - 0x00007fff59295000 	C:\windows\System32\RPCRT4.dll
0x00007fff58f40000 - 0x00007fff590e0000 	C:\windows\System32\USER32.dll
0x00007fff56c40000 - 0x00007fff56c62000 	C:\windows\System32\win32u.dll
0x00007fff582e0000 - 0x00007fff5830a000 	C:\windows\System32\GDI32.dll
0x00007fff56b30000 - 0x00007fff56c3b000 	C:\windows\System32\gdi32full.dll
0x00007fff3fc40000 - 0x00007fff3feda000 	C:\windows\WinSxS\amd64_microsoft.windows.common-controls_6595b64144ccf1df_6.0.19041.1110_none_60b5254171f9507e\COMCTL32.dll
0x00007fff571b0000 - 0x00007fff5724d000 	C:\windows\System32\msvcp_win.dll
0x00007fff4a9b0000 - 0x00007fff4a9ba000 	C:\windows\SYSTEM32\VERSION.dll
0x00007fff58b40000 - 0x00007fff58b70000 	C:\windows\System32\IMM32.DLL
0x00007fff4fc10000 - 0x00007fff4fc1c000 	C:\Program Files\Java\jdk-18.0.1\bin\vcruntime140_1.dll
0x00007fff4b000000 - 0x00007fff4b08d000 	C:\Program Files\Java\jdk-18.0.1\bin\msvcp140.dll
0x00007ffef1840000 - 0x00007ffef2450000 	C:\Program Files\Java\jdk-18.0.1\bin\server\jvm.dll
0x00007fff58b30000 - 0x00007fff58b38000 	C:\windows\System32\PSAPI.DLL
0x00007fff3cc80000 - 0x00007fff3cc89000 	C:\windows\SYSTEM32\WSOCK32.dll
0x00007fff58b70000 - 0x00007fff58bdb000 	C:\windows\System32\WS2_32.dll
0x00007fff3e760000 - 0x00007fff3e787000 	C:\windows\SYSTEM32\WINMM.dll
0x00007fff553a0000 - 0x00007fff553b2000 	C:\windows\SYSTEM32\kernel.appcore.dll
0x00007fff4f300000 - 0x00007fff4f30a000 	C:\Program Files\Java\jdk-18.0.1\bin\jimage.dll
0x00007fff550b0000 - 0x00007fff55294000 	C:\windows\SYSTEM32\DBGHELP.DLL
0x00007fff41580000 - 0x00007fff415ac000 	C:\windows\SYSTEM32\dbgcore.DLL
0x00007fff56f70000 - 0x00007fff56ff2000 	C:\windows\System32\bcryptPrimitives.dll
0x00007fff4f2e0000 - 0x00007fff4f2ee000 	C:\Program Files\Java\jdk-18.0.1\bin\instrument.dll
0x00007fff35340000 - 0x00007fff35365000 	C:\Program Files\Java\jdk-18.0.1\bin\java.dll

dbghelp: loaded successfully - version: 4.0.5 - missing functions: none
symbol engine: initialized successfully - sym options: 0x614 - pdb path: .;C:\Program Files\Java\jdk-18.0.1\bin;C:\windows\SYSTEM32;C:\windows\WinSxS\amd64_microsoft.windows.common-controls_6595b64144ccf1df_6.0.19041.1110_none_60b5254171f9507e;C:\Program Files\Java\jdk-18.0.1\bin\server

VM Arguments:
jvm_args: -Dmaven.multiModuleProjectDirectory=C:\Users\Fritzgy Lubin\Desktop\todo-list\api -Dmaven.home=C:\Users\Fritzgy Lubin\.m2\wrapper\dists\apache-maven-3.8.4-bin\52ccbt68d252mdldqsfsn03jlf\apache-maven-3.8.4 -Dclassworlds.conf=C:\Users\Fritzgy Lubin\.m2\wrapper\dists\apache-maven-3.8.4-bin\52ccbt68d252mdldqsfsn03jlf\apache-maven-3.8.4\bin\m2.conf -Dmaven.ext.class.path=C:\Program Files\JetBrains\IntelliJ IDEA 2021.3.1\plugins\maven\lib\maven-event-listener.jar -javaagent:C:\Program Files\JetBrains\IntelliJ IDEA 2021.3.1\lib\idea_rt.jar=62030:C:\Program Files\JetBrains\IntelliJ IDEA 2021.3.1\bin -Dfile.encoding=UTF-8 
java_command: org.codehaus.classworlds.Launcher -Didea.version=2021.3.1 compile
java_class_path (initial): C:\Users\Fritzgy Lubin\.m2\wrapper\dists\apache-maven-3.8.4-bin\52ccbt68d252mdldqsfsn03jlf\apache-maven-3.8.4\boot\plexus-classworlds-2.6.0.jar;C:\Users\Fritzgy Lubin\.m2\wrapper\dists\apache-maven-3.8.4-bin\52ccbt68d252mdldqsfsn03jlf\apache-maven-3.8.4\boot\plexus-classworlds.license
Launcher Type: SUN_STANDARD

[Global flags]
     intx CICompilerCount                          = 3                                         {product} {ergonomic}
     uint ConcGCThreads                            = 1                                         {product} {ergonomic}
     uint G1ConcRefinementThreads                  = 4                                         {product} {ergonomic}
   size_t G1HeapRegionSize                         = 1048576                                   {product} {ergonomic}
    uintx GCDrainStackTargetSize                   = 64                                        {product} {ergonomic}
   size_t InitialHeapSize                          = 132120576                                 {product} {ergonomic}
   size_t MarkStackSize                            = 4194304                                   {product} {ergonomic}
   size_t MaxHeapSize                              = 2111832064                                {product} {ergonomic}
   size_t MinHeapDeltaBytes                        = 1048576                                   {product} {ergonomic}
   size_t MinHeapSize                              = 8388608                                   {product} {ergonomic}
    uintx NonNMethodCodeHeapSize                   = 5832780                                {pd product} {ergonomic}
    uintx NonProfiledCodeHeapSize                  = 122912730                              {pd product} {ergonomic}
    uintx ProfiledCodeHeapSize                     = 122912730                              {pd product} {ergonomic}
    uintx ReservedCodeCacheSize                    = 251658240                              {pd product} {ergonomic}
     bool SegmentedCodeCache                       = true                                      {product} {ergonomic}
   size_t SoftMaxHeapSize                          = 2111832064                             {manageable} {ergonomic}
     bool UseCompressedClassPointers               = true                           {product lp64_product} {ergonomic}
     bool UseCompressedOops                        = true                           {product lp64_product} {ergonomic}
     bool UseG1GC                                  = true                                      {product} {ergonomic}
     bool UseLargePagesIndividualAllocation        = false                                  {pd product} {ergonomic}

Logging:
Log output configuration:
 #0: stdout all=warning uptime,level,tags foldmultilines=false
 #1: stderr all=off uptime,level,tags foldmultilines=false

Environment Variables:
PATH=C:\Program Files\Common Files\Oracle\Java\javapath;C:\Program Files (x86)\Common Files\Oracle\Java\javapath;C:\windows\system32;C:\windows;C:\windows\System32\Wbem;C:\windows\System32\WindowsPowerShell\v1.0\;C:\windows\System32\OpenSSH\;C:\wamp64\bin\php\php7.4.9;C:\ProgramData\ComposerSetup\bin;C:\Program Files\Git\cmd;C:\Program Files\Java\jdk-18.0.1;C:\Program Files\nodejs\;C:\ProgramData\chocolatey\bin;C:\Program Files\PostgreSQL\14\bin;C:\Program Files\PostgreSQL\14\lib;C:\Users\Fritzgy Lubin\scoop\shims;C:\Ruby30-x64\bin;C:\Users\Fritzgy Lubin\AppData\Local\Microsoft\WindowsApps;C:\Users\Fritzgy Lubin\AppData\Local\Programs\Microsoft VS Code\bin;C:\Users\Fritzgy Lubin\AppData\Local\GitHubDesktop\bin;C:\Users\Fritzgy Lubin\AppData\Roaming\Composer\vendor\bin;C:\Program Files\heroku\bin;C:\Program Files\JetBrains\IntelliJ IDEA 2021.3.1\bin;;C:\Users\Fritzgy Lubin\AppData\Roaming\npm;%PhpStorm%
USERNAME=Fritzgy Lubin
OS=Windows_NT
PROCESSOR_IDENTIFIER=Intel64 Family 6 Model 142 Stepping 9, GenuineIntel



---------------  S Y S T E M  ---------------

OS:
 Windows 10 , 64 bit Build 19041 (10.0.19041.1645)
OS uptime: 3 days 21:59 hours
Hyper-V role detected

CPU: total 4 (initial active 4) (2 cores per cpu, 2 threads per core) family 6 model 142 stepping 9 microcode 0xb4, cx8, cmov, fxsr, ht, mmx, 3dnowpref, sse, sse2, sse3, ssse3, sse4.1, sse4.2, popcnt, lzcnt, tsc, tscinvbit, avx, avx2, aes, erms, clmul, bmi1, bmi2, adx, fma, vzeroupper, clflush, clflushopt, hv

Memory: 4k page, system-wide physical 8051M (490M free)
TotalPageFile size 18417M (AvailPageFile size 4M)
current process WorkingSet (physical memory assigned to process): 10M, peak: 10M
current process commit charge ("private bytes"): 180M, peak: 182M

vm_info: Java HotSpot(TM) 64-Bit Server VM (18.0.1+10-24) for windows-amd64 JRE (18.0.1+10-24), built on Mar  9 2022 22:41:56 by "mach5one" with MS VC++ 16.8 / 16.9 (VS2019)

END.
