#
# There is insufficient memory for the Java Runtime Environment to continue.
# Native memory allocation (malloc) failed to allocate 902368 bytes for Chunk::new
# Possible reasons:
#   The system is out of physical RAM or swap space
#   The process is running with CompressedOops enabled, and the Java Heap may be blocking the growth of the native heap
# Possible solutions:
#   Reduce memory load on the system
#   Increase physical memory or swap space
#   Check if swap backing store is full
#   Decrease Java heap size (-Xmx/-Xms)
#   Decrease number of Java threads
#   Decrease Java thread stack sizes (-Xss)
#   Set larger code cache with -XX:ReservedCodeCacheSize=
#   JVM is running with Unscaled Compressed Oops mode in which the Java heap is
#     placed in the first 4GB address space. The Java Heap base address is the
#     maximum limit for the native heap growth. Please use -XX:HeapBaseMinAddress
#     to set the Java Heap base and to place the Java Heap above 4GB virtual address.
# This output file may be truncated or incomplete.
#
#  Out of Memory Error (arena.cpp:184), pid=10048, tid=6984
#
# JRE version: Java(TM) SE Runtime Environment (18.0.1+10) (build 18.0.1+10-24)
# Java VM: Java HotSpot(TM) 64-Bit Server VM (18.0.1+10-24, mixed mode, sharing, tiered, compressed oops, compressed class ptrs, g1 gc, windows-amd64)
# No core dump will be written. Minidumps are not enabled by default on client versions of Windows
#

---------------  S U M M A R Y ------------

Command Line: -Dmaven.multiModuleProjectDirectory=C:\Users\Fritzgy Lubin\Desktop\todo-list\api -Dmaven.home=C:\Users\Fritzgy Lubin\.m2\wrapper\dists\apache-maven-3.8.4-bin\52ccbt68d252mdldqsfsn03jlf\apache-maven-3.8.4 -Dclassworlds.conf=C:\Users\Fritzgy Lubin\.m2\wrapper\dists\apache-maven-3.8.4-bin\52ccbt68d252mdldqsfsn03jlf\apache-maven-3.8.4\bin\m2.conf -Dmaven.ext.class.path=C:\Program Files\JetBrains\IntelliJ IDEA 2021.3.1\plugins\maven\lib\maven-event-listener.jar -javaagent:C:\Program Files\JetBrains\IntelliJ IDEA 2021.3.1\lib\idea_rt.jar=62106:C:\Program Files\JetBrains\IntelliJ IDEA 2021.3.1\bin -Dfile.encoding=UTF-8 org.codehaus.classworlds.Launcher -Didea.version=2021.3.1 install

Host: Intel(R) Core(TM) i3-7130U CPU @ 2.70GHz, 4 cores, 7G,  Windows 10 , 64 bit Build 19041 (10.0.19041.1645)
Time: Sun May  8 22:51:33 2022 Paris, Madrid (heure duild 19041 (10.0.19041.1645) elapsed time: 6.996116 seconds (0d 0h 0m 6s)

---------------  T H R E A D  ---------------

Current thread (0x000001ce5f0a6cf0):  JavaThread "C2 CompilerThread0" daemon [_thread_in_native, id=6984, stack(0x00000098d4900000,0x00000098d4a00000)]


Current CompileTask:
C2:   6996 3031       4       org.codehaus.plexus.configuration.DefaultPlexusConfiguration::getChild (7 bytes)

Stack: [0x00000098d4900000,0x00000098d4a00000]
Native frames: (J=compiled Java code, j=interpreted, Vv=VM code, C=native code)
V  [jvm.dll+0x69887a]
V  [jvm.dll+0x7f38bd]
V  [jvm.dll+0x7f51ce]
V  [jvm.dll+0x7f5883]
V  [jvm.dll+0x25ca3f]
V  [jvm.dll+0xb8c2f]
V  [jvm.dll+0xb8fa5]
V  [jvm.dll+0x385a6b]
V  [jvm.dll+0x34f811]
V  [jvm.dll+0x34ecaa]
V  [jvm.dll+0x22fc21]
V  [jvm.dll+0x22eff1]
V  [jvm.dll+0x1b9cfc]
V  [jvm.dll+0x23e8ca]
V  [jvm.dll+0x23cbb5]
V  [jvm.dll+0x7a5fb1]
V  [jvm.dll+0x7a03ea]
V  [jvm.dll+0x697725]
C  [ucrtbase.dll+0x21bb2]
C  [KERNEL32.DLL+0x17034]
C  [ntdll.dll+0x52651]


---------------  P R O C E S S  ---------------

Threads class SMR info:
_java_thread_list=0x000001ce63ecc8f0, length=14, elements={
0x000001ce3f8c1470, 0x000001ce5f088e10, 0x000001ce5f08a350, 0x000001ce5f0a3330,
0x000001ce5f0a4ce0, 0x000001ce5f0a5680, 0x000001ce5f0a6020, 0x000001ce5f0a6cf0,
0x000001ce5f0a76d0, 0x000001ce5f0b4180, 0x000001ce63450570, 0x000001ce63540e20,
0x000001ce63510b70, 0x000001ce63f57550
}

Java Threads: ( => current thread )
  0x000001ce3f8c1470 JavaThread "main" [_thread_in_vm, id=2324, stack(0x00000098d3c00000,0x00000098d3d00000)]
  0x000001ce5f088e10 JavaThread "Reference Handler" daemon [_thread_blocked, id=5480, stack(0x00000098d4300000,0x00000098d4400000)]
  0x000001ce5f08a350 JavaThread "Finalizer" daemon [_thread_blocked, id=6260, stack(0x00000098d4400000,0x00000098d4500000)]
  0x000001ce5f0a3330 JavaThread "Signal Dispatcher" daemon [_thread_blocked, id=10332, stack(0x00000098d4500000,0x00000098d4600000)]
  0x000001ce5f0a4ce0 JavaThread "Attach Listener" daemon [_thread_blocked, id=14504, stack(0x00000098d4600000,0x00000098d4700000)]
  0x000001ce5f0a5680 JavaThread "Service Thread" daemon [_thread_blocked, id=4072, stack(0x00000098d4700000,0x00000098d4800000)]
  0x000001ce5f0a6020 JavaThread "Monitor Deflation Thread" daemon [_thread_blocked, id=11884, stack(0x00000098d4800000,0x00000098d4900000)]
=>0x000001ce5f0a6cf0 JavaThread "C2 CompilerThread0" daemon [_thread_in_native, id=6984, stack(0x00000098d4900000,0x00000098d4a00000)]
  0x000001ce5f0a76d0 JavaThread "C1 CompilerThread0" daemon [_thread_blocked, id=5372, stack(0x00000098d4a00000,0x00000098d4b00000)]
  0x000001ce5f0b4180 JavaThread "Sweeper thread" daemon [_thread_blocked, id=17552, stack(0x00000098d4b00000,0x00000098d4c00000)]
  0x000001ce63450570 JavaThread "Common-Cleaner" daemon [_thread_blocked, id=9840, stack(0x00000098d4c00000,0x00000098d4d00000)]
  0x000001ce63540e20 JavaThread "Monitor Ctrl-Break" daemon [_thread_in_native, id=1072, stack(0x00000098d4d00000,0x00000098d4e00000)]
  0x000001ce63510b70 JavaThread "Notification Thread" daemon [_thread_blocked, id=12488, stack(0x00000098d4e00000,0x00000098d4f00000)]
  0x000001ce63f57550 JavaThread "C2 CompilerThread1" daemon [_thread_blocked, id=14256, stack(0x00000098d5400000,0x00000098d5500000)]

Other Threads:
  0x000001ce5f085670 VMThread "VM Thread" [stack: 0x00000098d4200000,0x00000098d4300000] [id=18620]
  0x000001ce3f8c2410 WatcherThread "VM Periodic Task Thread" [stack: 0x00000098d4f00000,0x00000098d5000000] [id=11136]
  0x000001ce3f920ea0 WorkerThread "GC Thread#0" [stack: 0x00000098d3d00000,0x00000098d3e00000] [id=14604]
  0x000001ce63ddc020 WorkerThread "GC Thread#1" [stack: 0x00000098d5000000,0x00000098d5100000] [id=10668]
  0x000001ce638fed10 WorkerThread "GC Thread#2" [stack: 0x00000098d5100000,0x00000098d5200000] [id=11380]
  0x000001ce639e5320 WorkerThread "GC Thread#3" [stack: 0x00000098d5200000,0x00000098d5300000] [id=12676]
  0x000001ce3f931990 ConcurrentGCThread "G1 Main Marker" [stack: 0x00000098d3e00000,0x00000098d3f00000] [id=1668]
  0x000001ce3f932380 WorkerThread "G1 Conc#0" [stack: 0x00000098d3f00000,0x00000098d4000000] [id=9300]
  0x000001ce3f96fb90 ConcurrentGCThread "G1 Refine#0" [stack: 0x00000098d4000000,0x00000098d4100000] [id=10764]
  0x000001ce63e00cb0 ConcurrentGCThread "G1 Refine#1" [stack: 0x00000098d5300000,0x00000098d5400000] [id=12112]
  0x000001ce3f9704a0 ConcurrentGCThread "G1 Service" [stack: 0x00000098d4100000,0x00000098d4200000] [id=15584]

Threads with active compile tasks:
C2 CompilerThread0     7074 3031       4       org.codehaus.plexus.configuration.DefaultPlexusConfiguration::getChild (7 bytes)

VM state: not at safepoint (normal execution)

VM Mutex/Monitor currently owned by a thread: None

Heap address: 0x0000000082200000, size: 2014 MB, Compressed Oops mode: 32-bit

CDS archive(s) mapped at: [0x0000000800000000-0x0000000800ba0000-0x0000000800ba0000), size 12189696, SharedBaseAddress: 0x0000000800000000, ArchiveRelocationMode: 0.
Compressed class space mapped at: 0x0000000800c00000-0x0000000840c00000, reserved size: 1073741824
Narrow klass base: 0x0000000800000000, Narrow klass shift: 0, Narrow klass range: 0x100000000

GC Precious Log:
 CardTable entry size: 512
 Card Set container configuration: InlinePtr #cards 5 size 8 Array Of Cards #cards 12 size 40 Howl #buckets 4 coarsen threshold 1843 Howl Bitmap #cards 512 size 80 coarsen threshold 460 Card regions per heap region 1 cards per card region 2048
 CPUs: 4 total, 4 available
 Memory: 8051M
 Large Page Support: Disabled
 NUMA Support: Disabled
 Compressed Oops: Enabled (32-bit)
 Heap Region Size: 1M
 Heap Min Capacity: 8M
 Heap Initial Capacity: 126M
 Heap Max Capacity: 2014M
 Pre-touch: Disabled
 Parallel Workers: 4
 Concurrent Workers: 1
 Concurrent Refinement Workers: 4
 Periodic GC: Disabled

Heap:
 garbage-first heap   total 129024K, used 43925K [0x0000000082200000, 0x0000000100000000)
  region size 1024K, 42 young (43008K), 3 survivors (3072K)
 Metaspace       used 13466K, committed 13760K, reserved 1114112K
  class space    used 1503K, committed 1664K, reserved 1048576K

Heap Regions: E=young(eden), S=young(survivor), O=old, HS=humongous(starts), HC=humongous(continues), CS=collection set, F=free, OA=open archive, CA=closed archive, TAMS=top-at-mark-start (previous, next)
|   0|0x0000000082200000, 0x0000000082300000, 0x0000000082300000|100%| O|  |TAMS 0x0000000082200000, 0x0000000082200000| Untracked 
|   1|0x0000000082300000, 0x0000000082400000, 0x0000000082400000|100%| O|  |TAMS 0x0000000082300000, 0x0000000082300000| Untracked 
|   2|0x0000000082400000, 0x0000000082500000, 0x0000000082500000|100%| O|  |TAMS 0x0000000082400000, 0x0000000082400000| Untracked 
|   3|0x0000000082500000, 0x00000000825d9a00, 0x0000000082600000| 85%| O|  |TAMS 0x0000000082500000, 0x0000000082500000| Untracked 
|   4|0x0000000082600000, 0x0000000082600000, 0x0000000082700000|  0%| F|  |TAMS 0x0000000082600000, 0x0000000082600000| Untracked 
|   5|0x0000000082700000, 0x0000000082700000, 0x0000000082800000|  0%| F|  |TAMS 0x0000000082700000, 0x0000000082700000| Untracked 
|   6|0x0000000082800000, 0x0000000082800000, 0x0000000082900000|  0%| F|  |TAMS 0x0000000082800000, 0x0000000082800000| Untracked 
|   7|0x0000000082900000, 0x0000000082900000, 0x0000000082a00000|  0%| F|  |TAMS 0x0000000082900000, 0x0000000082900000| Untracked 
|   8|0x0000000082a00000, 0x0000000082a00000, 0x0000000082b00000|  0%| F|  |TAMS 0x0000000082a00000, 0x0000000082a00000| Untracked 
|   9|0x0000000082b00000, 0x0000000082b00000, 0x0000000082c00000|  0%| F|  |TAMS 0x0000000082b00000, 0x0000000082b00000| Untracked 
|  10|0x0000000082c00000, 0x0000000082c00000, 0x0000000082d00000|  0%| F|  |TAMS 0x0000000082c00000, 0x0000000082c00000| Untracked 
|  11|0x0000000082d00000, 0x0000000082d00000, 0x0000000082e00000|  0%| F|  |TAMS 0x0000000082d00000, 0x0000000082d00000| Untracked 
|  12|0x0000000082e00000, 0x0000000082e00000, 0x0000000082f00000|  0%| F|  |TAMS 0x0000000082e00000, 0x0000000082e00000| Untracked 
|  13|0x0000000082f00000, 0x0000000082f00000, 0x0000000083000000|  0%| F|  |TAMS 0x0000000082f00000, 0x0000000082f00000| Untracked 
|  14|0x0000000083000000, 0x0000000083000000, 0x0000000083100000|  0%| F|  |TAMS 0x0000000083000000, 0x0000000083000000| Untracked 
|  15|0x0000000083100000, 0x0000000083100000, 0x0000000083200000|  0%| F|  |TAMS 0x0000000083100000, 0x0000000083100000| Untracked 
|  16|0x0000000083200000, 0x0000000083200000, 0x0000000083300000|  0%| F|  |TAMS 0x0000000083200000, 0x0000000083200000| Untracked 
|  17|0x0000000083300000, 0x0000000083300000, 0x0000000083400000|  0%| F|  |TAMS 0x0000000083300000, 0x0000000083300000| Untracked 
|  18|0x0000000083400000, 0x0000000083400000, 0x0000000083500000|  0%| F|  |TAMS 0x0000000083400000, 0x0000000083400000| Untracked 
|  19|0x0000000083500000, 0x0000000083500000, 0x0000000083600000|  0%| F|  |TAMS 0x0000000083500000, 0x0000000083500000| Untracked 
|  20|0x0000000083600000, 0x0000000083600000, 0x0000000083700000|  0%| F|  |TAMS 0x0000000083600000, 0x0000000083600000| Untracked 
|  21|0x0000000083700000, 0x0000000083700000, 0x0000000083800000|  0%| F|  |TAMS 0x0000000083700000, 0x0000000083700000| Untracked 
|  22|0x0000000083800000, 0x0000000083800000, 0x0000000083900000|  0%| F|  |TAMS 0x0000000083800000, 0x0000000083800000| Untracked 
|  23|0x0000000083900000, 0x0000000083900000, 0x0000000083a00000|  0%| F|  |TAMS 0x0000000083900000, 0x0000000083900000| Untracked 
|  24|0x0000000083a00000, 0x0000000083a00000, 0x0000000083b00000|  0%| F|  |TAMS 0x0000000083a00000, 0x0000000083a00000| Untracked 
|  25|0x0000000083b00000, 0x0000000083b00000, 0x0000000083c00000|  0%| F|  |TAMS 0x0000000083b00000, 0x0000000083b00000| Untracked 
|  26|0x0000000083c00000, 0x0000000083c00000, 0x0000000083d00000|  0%| F|  |TAMS 0x0000000083c00000, 0x0000000083c00000| Untracked 
|  27|0x0000000083d00000, 0x0000000083d00000, 0x0000000083e00000|  0%| F|  |TAMS 0x0000000083d00000, 0x0000000083d00000| Untracked 
|  28|0x0000000083e00000, 0x0000000083e00000, 0x0000000083f00000|  0%| F|  |TAMS 0x0000000083e00000, 0x0000000083e00000| Untracked 
|  29|0x0000000083f00000, 0x0000000083f00000, 0x0000000084000000|  0%| F|  |TAMS 0x0000000083f00000, 0x0000000083f00000| Untracked 
|  30|0x0000000084000000, 0x0000000084000000, 0x0000000084100000|  0%| F|  |TAMS 0x0000000084000000, 0x0000000084000000| Untracked 
|  31|0x0000000084100000, 0x0000000084100000, 0x0000000084200000|  0%| F|  |TAMS 0x0000000084100000, 0x0000000084100000| Untracked 
|  32|0x0000000084200000, 0x0000000084200000, 0x0000000084300000|  0%| F|  |TAMS 0x0000000084200000, 0x0000000084200000| Untracked 
|  33|0x0000000084300000, 0x0000000084300000, 0x0000000084400000|  0%| F|  |TAMS 0x0000000084300000, 0x0000000084300000| Untracked 
|  34|0x0000000084400000, 0x0000000084400000, 0x0000000084500000|  0%| F|  |TAMS 0x0000000084400000, 0x0000000084400000| Untracked 
|  35|0x0000000084500000, 0x0000000084500000, 0x0000000084600000|  0%| F|  |TAMS 0x0000000084500000, 0x0000000084500000| Untracked 
|  36|0x0000000084600000, 0x0000000084600000, 0x0000000084700000|  0%| F|  |TAMS 0x0000000084600000, 0x0000000084600000| Untracked 
|  37|0x0000000084700000, 0x0000000084700000, 0x0000000084800000|  0%| F|  |TAMS 0x0000000084700000, 0x0000000084700000| Untracked 
|  38|0x0000000084800000, 0x0000000084800000, 0x0000000084900000|  0%| F|  |TAMS 0x0000000084800000, 0x0000000084800000| Untracked 
|  39|0x0000000084900000, 0x0000000084900000, 0x0000000084a00000|  0%| F|  |TAMS 0x0000000084900000, 0x0000000084900000| Untracked 
|  40|0x0000000084a00000, 0x0000000084a00000, 0x0000000084b00000|  0%| F|  |TAMS 0x0000000084a00000, 0x0000000084a00000| Untracked 
|  41|0x0000000084b00000, 0x0000000084b00000, 0x0000000084c00000|  0%| F|  |TAMS 0x0000000084b00000, 0x0000000084b00000| Untracked 
|  42|0x0000000084c00000, 0x0000000084c00000, 0x0000000084d00000|  0%| F|  |TAMS 0x0000000084c00000, 0x0000000084c00000| Untracked 
|  43|0x0000000084d00000, 0x0000000084d00000, 0x0000000084e00000|  0%| F|  |TAMS 0x0000000084d00000, 0x0000000084d00000| Untracked 
|  44|0x0000000084e00000, 0x0000000084e00000, 0x0000000084f00000|  0%| F|  |TAMS 0x0000000084e00000, 0x0000000084e00000| Untracked 
|  45|0x0000000084f00000, 0x0000000084f00000, 0x0000000085000000|  0%| F|  |TAMS 0x0000000084f00000, 0x0000000084f00000| Untracked 
|  46|0x0000000085000000, 0x0000000085000000, 0x0000000085100000|  0%| F|  |TAMS 0x0000000085000000, 0x0000000085000000| Untracked 
|  47|0x0000000085100000, 0x0000000085100000, 0x0000000085200000|  0%| F|  |TAMS 0x0000000085100000, 0x0000000085100000| Untracked 
|  48|0x0000000085200000, 0x0000000085200000, 0x0000000085300000|  0%| F|  |TAMS 0x0000000085200000, 0x0000000085200000| Untracked 
|  49|0x0000000085300000, 0x0000000085300000, 0x0000000085400000|  0%| F|  |TAMS 0x0000000085300000, 0x0000000085300000| Untracked 
|  50|0x0000000085400000, 0x0000000085400000, 0x0000000085500000|  0%| F|  |TAMS 0x0000000085400000, 0x0000000085400000| Untracked 
|  51|0x0000000085500000, 0x0000000085500000, 0x0000000085600000|  0%| F|  |TAMS 0x0000000085500000, 0x0000000085500000| Untracked 
|  52|0x0000000085600000, 0x0000000085600000, 0x0000000085700000|  0%| F|  |TAMS 0x0000000085600000, 0x0000000085600000| Untracked 
|  53|0x0000000085700000, 0x0000000085700000, 0x0000000085800000|  0%| F|  |TAMS 0x0000000085700000, 0x0000000085700000| Untracked 
|  54|0x0000000085800000, 0x0000000085800000, 0x0000000085900000|  0%| F|  |TAMS 0x0000000085800000, 0x0000000085800000| Untracked 
|  55|0x0000000085900000, 0x0000000085900000, 0x0000000085a00000|  0%| F|  |TAMS 0x0000000085900000, 0x0000000085900000| Untracked 
|  56|0x0000000085a00000, 0x0000000085a00000, 0x0000000085b00000|  0%| F|  |TAMS 0x0000000085a00000, 0x0000000085a00000| Untracked 
|  57|0x0000000085b00000, 0x0000000085b00000, 0x0000000085c00000|  0%| F|  |TAMS 0x0000000085b00000, 0x0000000085b00000| Untracked 
|  58|0x0000000085c00000, 0x0000000085c00000, 0x0000000085d00000|  0%| F|  |TAMS 0x0000000085c00000, 0x0000000085c00000| Untracked 
|  59|0x0000000085d00000, 0x0000000085d00000, 0x0000000085e00000|  0%| F|  |TAMS 0x0000000085d00000, 0x0000000085d00000| Untracked 
|  60|0x0000000085e00000, 0x0000000085e00000, 0x0000000085f00000|  0%| F|  |TAMS 0x0000000085e00000, 0x0000000085e00000| Untracked 
|  61|0x0000000085f00000, 0x0000000085f00000, 0x0000000086000000|  0%| F|  |TAMS 0x0000000085f00000, 0x0000000085f00000| Untracked 
|  62|0x0000000086000000, 0x0000000086000000, 0x0000000086100000|  0%| F|  |TAMS 0x0000000086000000, 0x0000000086000000| Untracked 
|  63|0x0000000086100000, 0x0000000086100000, 0x0000000086200000|  0%| F|  |TAMS 0x0000000086100000, 0x0000000086100000| Untracked 
|  64|0x0000000086200000, 0x0000000086200000, 0x0000000086300000|  0%| F|  |TAMS 0x0000000086200000, 0x0000000086200000| Untracked 
|  65|0x0000000086300000, 0x0000000086300000, 0x0000000086400000|  0%| F|  |TAMS 0x0000000086300000, 0x0000000086300000| Untracked 
|  66|0x0000000086400000, 0x0000000086400000, 0x0000000086500000|  0%| F|  |TAMS 0x0000000086400000, 0x0000000086400000| Untracked 
|  67|0x0000000086500000, 0x0000000086500000, 0x0000000086600000|  0%| F|  |TAMS 0x0000000086500000, 0x0000000086500000| Untracked 
|  68|0x0000000086600000, 0x0000000086600000, 0x0000000086700000|  0%| F|  |TAMS 0x0000000086600000, 0x0000000086600000| Untracked 
|  69|0x0000000086700000, 0x0000000086700000, 0x0000000086800000|  0%| F|  |TAMS 0x0000000086700000, 0x0000000086700000| Untracked 
|  70|0x0000000086800000, 0x0000000086800000, 0x0000000086900000|  0%| F|  |TAMS 0x0000000086800000, 0x0000000086800000| Untracked 
|  71|0x0000000086900000, 0x0000000086900000, 0x0000000086a00000|  0%| F|  |TAMS 0x0000000086900000, 0x0000000086900000| Untracked 
|  72|0x0000000086a00000, 0x0000000086a00000, 0x0000000086b00000|  0%| F|  |TAMS 0x0000000086a00000, 0x0000000086a00000| Untracked 
|  73|0x0000000086b00000, 0x0000000086b00000, 0x0000000086c00000|  0%| F|  |TAMS 0x0000000086b00000, 0x0000000086b00000| Untracked 
|  74|0x0000000086c00000, 0x0000000086c00000, 0x0000000086d00000|  0%| F|  |TAMS 0x0000000086c00000, 0x0000000086c00000| Untracked 
|  75|0x0000000086d00000, 0x0000000086d00000, 0x0000000086e00000|  0%| F|  |TAMS 0x0000000086d00000, 0x0000000086d00000| Untracked 
|  76|0x0000000086e00000, 0x0000000086e00000, 0x0000000086f00000|  0%| F|  |TAMS 0x0000000086e00000, 0x0000000086e00000| Untracked 
|  77|0x0000000086f00000, 0x0000000086f00000, 0x0000000087000000|  0%| F|  |TAMS 0x0000000086f00000, 0x0000000086f00000| Untracked 
|  78|0x0000000087000000, 0x0000000087000000, 0x0000000087100000|  0%| F|  |TAMS 0x0000000087000000, 0x0000000087000000| Untracked 
|  79|0x0000000087100000, 0x0000000087100000, 0x0000000087200000|  0%| F|  |TAMS 0x0000000087100000, 0x0000000087100000| Untracked 
|  80|0x0000000087200000, 0x0000000087200000, 0x0000000087300000|  0%| F|  |TAMS 0x0000000087200000, 0x0000000087200000| Untracked 
|  81|0x0000000087300000, 0x0000000087300000, 0x0000000087400000|  0%| F|  |TAMS 0x0000000087300000, 0x0000000087300000| Untracked 
|  82|0x0000000087400000, 0x0000000087400000, 0x0000000087500000|  0%| F|  |TAMS 0x0000000087400000, 0x0000000087400000| Untracked 
|  83|0x0000000087500000, 0x0000000087500000, 0x0000000087600000|  0%| F|  |TAMS 0x0000000087500000, 0x0000000087500000| Untracked 
|  84|0x0000000087600000, 0x000000008767b3d0, 0x0000000087700000| 48%| E|  |TAMS 0x0000000087600000, 0x0000000087600000| Complete 
|  85|0x0000000087700000, 0x0000000087800000, 0x0000000087800000|100%| E|CS|TAMS 0x0000000087700000, 0x0000000087700000| Complete 
|  86|0x0000000087800000, 0x0000000087900000, 0x0000000087900000|100%| E|CS|TAMS 0x0000000087800000, 0x0000000087800000| Complete 
|  87|0x0000000087900000, 0x0000000087a00000, 0x0000000087a00000|100%| E|CS|TAMS 0x0000000087900000, 0x0000000087900000| Complete 
|  88|0x0000000087a00000, 0x0000000087b00000, 0x0000000087b00000|100%| E|CS|TAMS 0x0000000087a00000, 0x0000000087a00000| Complete 
|  89|0x0000000087b00000, 0x0000000087c00000, 0x0000000087c00000|100%| E|CS|TAMS 0x0000000087b00000, 0x0000000087b00000| Complete 
|  90|0x0000000087c00000, 0x0000000087d00000, 0x0000000087d00000|100%| E|CS|TAMS 0x0000000087c00000, 0x0000000087c00000| Complete 
|  91|0x0000000087d00000, 0x0000000087e00000, 0x0000000087e00000|100%| E|CS|TAMS 0x0000000087d00000, 0x0000000087d00000| Complete 
|  92|0x0000000087e00000, 0x0000000087f00000, 0x0000000087f00000|100%| E|CS|TAMS 0x0000000087e00000, 0x0000000087e00000| Complete 
|  93|0x0000000087f00000, 0x0000000088000000, 0x0000000088000000|100%| E|CS|TAMS 0x0000000087f00000, 0x0000000087f00000| Complete 
|  94|0x0000000088000000, 0x0000000088100000, 0x0000000088100000|100%| E|CS|TAMS 0x0000000088000000, 0x0000000088000000| Complete 
|  95|0x0000000088100000, 0x000000008810bd98, 0x0000000088200000|  4%| S|CS|TAMS 0x0000000088100000, 0x0000000088100000| Complete 
|  96|0x0000000088200000, 0x0000000088300000, 0x0000000088300000|100%| S|CS|TAMS 0x0000000088200000, 0x0000000088200000| Complete 
|  97|0x0000000088300000, 0x0000000088400000, 0x0000000088400000|100%| S|CS|TAMS 0x0000000088300000, 0x0000000088300000| Complete 
|  98|0x0000000088400000, 0x0000000088500000, 0x0000000088500000|100%| E|CS|TAMS 0x0000000088400000, 0x0000000088400000| Complete 
|  99|0x0000000088500000, 0x0000000088600000, 0x0000000088600000|100%| E|CS|TAMS 0x0000000088500000, 0x0000000088500000| Complete 
| 100|0x0000000088600000, 0x0000000088700000, 0x0000000088700000|100%| E|CS|TAMS 0x0000000088600000, 0x0000000088600000| Complete 
| 101|0x0000000088700000, 0x0000000088800000, 0x0000000088800000|100%| E|CS|TAMS 0x0000000088700000, 0x0000000088700000| Complete 
| 102|0x0000000088800000, 0x0000000088900000, 0x0000000088900000|100%| E|CS|TAMS 0x0000000088800000, 0x0000000088800000| Complete 
| 103|0x0000000088900000, 0x0000000088a00000, 0x0000000088a00000|100%| E|CS|TAMS 0x0000000088900000, 0x0000000088900000| Complete 
| 104|0x0000000088a00000, 0x0000000088b00000, 0x0000000088b00000|100%| E|CS|TAMS 0x0000000088a00000, 0x0000000088a00000| Complete 
| 105|0x0000000088b00000, 0x0000000088c00000, 0x0000000088c00000|100%| E|CS|TAMS 0x0000000088b00000, 0x0000000088b00000| Complete 
| 106|0x0000000088c00000, 0x0000000088d00000, 0x0000000088d00000|100%| E|CS|TAMS 0x0000000088c00000, 0x0000000088c00000| Complete 
| 107|0x0000000088d00000, 0x0000000088e00000, 0x0000000088e00000|100%| E|CS|TAMS 0x0000000088d00000, 0x0000000088d00000| Complete 
| 108|0x0000000088e00000, 0x0000000088f00000, 0x0000000088f00000|100%| E|CS|TAMS 0x0000000088e00000, 0x0000000088e00000| Complete 
| 109|0x0000000088f00000, 0x0000000089000000, 0x0000000089000000|100%| E|  |TAMS 0x0000000088f00000, 0x0000000088f00000| Complete 
| 110|0x0000000089000000, 0x0000000089100000, 0x0000000089100000|100%| E|CS|TAMS 0x0000000089000000, 0x0000000089000000| Complete 
| 111|0x0000000089100000, 0x0000000089200000, 0x0000000089200000|100%| E|CS|TAMS 0x0000000089100000, 0x0000000089100000| Complete 
| 112|0x0000000089200000, 0x0000000089300000, 0x0000000089300000|100%| E|CS|TAMS 0x0000000089200000, 0x0000000089200000| Complete 
| 113|0x0000000089300000, 0x0000000089400000, 0x0000000089400000|100%| E|CS|TAMS 0x0000000089300000, 0x0000000089300000| Complete 
| 114|0x0000000089400000, 0x0000000089500000, 0x0000000089500000|100%| E|CS|TAMS 0x0000000089400000, 0x0000000089400000| Complete 
| 115|0x0000000089500000, 0x0000000089600000, 0x0000000089600000|100%| E|CS|TAMS 0x0000000089500000, 0x0000000089500000| Complete 
| 116|0x0000000089600000, 0x0000000089700000, 0x0000000089700000|100%| E|CS|TAMS 0x0000000089600000, 0x0000000089600000| Complete 
| 117|0x0000000089700000, 0x0000000089800000, 0x0000000089800000|100%| E|CS|TAMS 0x0000000089700000, 0x0000000089700000| Complete 
| 118|0x0000000089800000, 0x0000000089900000, 0x0000000089900000|100%| E|CS|TAMS 0x0000000089800000, 0x0000000089800000| Complete 
| 119|0x0000000089900000, 0x0000000089a00000, 0x0000000089a00000|100%| E|CS|TAMS 0x0000000089900000, 0x0000000089900000| Complete 
| 120|0x0000000089a00000, 0x0000000089b00000, 0x0000000089b00000|100%| E|CS|TAMS 0x0000000089a00000, 0x0000000089a00000| Complete 
| 121|0x0000000089b00000, 0x0000000089c00000, 0x0000000089c00000|100%| E|CS|TAMS 0x0000000089b00000, 0x0000000089b00000| Complete 
| 122|0x0000000089c00000, 0x0000000089d00000, 0x0000000089d00000|100%| E|CS|TAMS 0x0000000089c00000, 0x0000000089c00000| Complete 
| 123|0x0000000089d00000, 0x0000000089e00000, 0x0000000089e00000|100%| E|CS|TAMS 0x0000000089d00000, 0x0000000089d00000| Complete 
| 124|0x0000000089e00000, 0x0000000089f00000, 0x0000000089f00000|100%| E|CS|TAMS 0x0000000089e00000, 0x0000000089e00000| Complete 
| 125|0x0000000089f00000, 0x000000008a000000, 0x000000008a000000|100%| E|CS|TAMS 0x0000000089f00000, 0x0000000089f00000| Complete 

Card table byte_map: [0x000001ce58440000,0x000001ce58830000] _byte_map_base: 0x000001ce5802f000

Marking Bits (Prev, Next): (CMBitMap*) 0x000001ce3f9214a0, (CMBitMap*) 0x000001ce3f9214e0
 Prev Bits: [0x000001ce58c20000, 0x000001ce5ab98000)
 Next Bits: [0x000001ce5aba0000, 0x000001ce5cb18000)

Polling page: 0x000001ce3f720000

Metaspace:

Usage:
  Non-class:     11.68 MB used.
      Class:      1.47 MB used.
       Both:     13.15 MB used.

Virtual space:
  Non-class space:       64.00 MB reserved,      11.81 MB ( 18%) committed,  1 nodes.
      Class space:        1.00 GB reserved,       1.62 MB ( <1%) committed,  1 nodes.
             Both:        1.06 GB reserved,      13.44 MB (  1%) committed. 

Chunk freelists:
   Non-Class:  3.58 MB
       Class:  2.41 MB
        Both:  5.98 MB

MaxMetaspaceSize: unlimited
CompressedClassSpaceSize: 1.00 GB
Initial GC threshold: 21.00 MB
Current GC threshold: 21.00 MB
CDS: on
MetaspaceReclaimPolicy: balanced
 - commit_granule_bytes: 65536.
 - commit_granule_words: 8192.
 - virtual_space_node_default_size: 8388608.
 - enlarge_chunks_in_place: 1.
 - new_chunks_are_fully_committed: 0.
 - uncommit_free_chunks: 1.
 - use_allocation_guard: 0.


Internal statistics:

num_allocs_failed_limit: 0.
num_arena_births: 252.
num_arena_deaths: 0.
num_vsnodes_births: 2.
num_vsnodes_deaths: 0.
num_space_committed: 215.
num_space_uncommitted: 0.
num_chunks_returned_to_freelist: 0.
num_chunks_taken_from_freelist: 682.
num_chunk_merges: 0.
num_chunk_splits: 492.
num_chunks_enlarged: 371.
num_inconsistent_stats: 0.

CodeHeap 'non-profiled nmethods': size=120000Kb used=1255Kb max_used=1255Kb free=118745Kb
 bounds [0x000001ce50500000, 0x000001ce50770000, 0x000001ce57a30000]
CodeHeap 'profiled nmethods': size=120000Kb used=6205Kb max_used=6205Kb free=113794Kb
 bounds [0x000001ce48fd0000, 0x000001ce495e0000, 0x000001ce50500000]
CodeHeap 'non-nmethods': size=5760Kb used=1191Kb max_used=1226Kb free=4568Kb
 bounds [0x000001ce48a30000, 0x000001ce48ca0000, 0x000001ce48fd0000]
 total_blobs=3562 nmethods=3087 adapters=387
 compilation: enabled
              stopped_count=0, restarted_count=0
 full_count=0

Compilation events (20 events):
Event: 6.980 Thread 0x000001ce5f0a76d0 nmethod 3052 0x000001ce495d0d10 code [0x000001ce495d0f00, 0x000001ce495d16e8]
Event: 6.980 Thread 0x000001ce5f0a76d0 3053       3       org.eclipse.aether.artifact.DefaultArtifactType::<init> (140 bytes)
Event: 6.982 Thread 0x000001ce5f0a76d0 nmethod 3053 0x000001ce495d1910 code [0x000001ce495d1c00, 0x000001ce495d2f58]
Event: 6.982 Thread 0x000001ce5f0a76d0 3054       3       org.apache.maven.artifact.handler.DefaultArtifactHandler::getExtension (20 bytes)
Event: 6.982 Thread 0x000001ce5f0a76d0 nmethod 3054 0x000001ce495d3590 code [0x000001ce495d3720, 0x000001ce495d38b8]
Event: 6.982 Thread 0x000001ce5f0a76d0 3055       3       java.util.Collections$UnmodifiableMap::isEmpty (10 bytes)
Event: 6.982 Thread 0x000001ce5f0a76d0 nmethod 3055 0x000001ce495d3990 code [0x000001ce495d3b40, 0x000001ce495d3d08]
Event: 6.982 Thread 0x000001ce5f0a76d0 3059       3       org.apache.maven.RepositoryUtils::newArtifactType (39 bytes)
Event: 6.983 Thread 0x000001ce5f0a76d0 nmethod 3059 0x000001ce495d3e10 code [0x000001ce495d3fe0, 0x000001ce495d47a8]
Event: 6.983 Thread 0x000001ce5f0a76d0 3060       3       org.apache.maven.artifact.handler.DefaultArtifactHandler::getLanguage (18 bytes)
Event: 6.983 Thread 0x000001ce5f0a76d0 nmethod 3060 0x000001ce495d4a10 code [0x000001ce495d4ba0, 0x000001ce495d4d58]
Event: 6.983 Thread 0x000001ce5f0a76d0 3061       3       org.apache.maven.RepositoryUtils::toDependency (202 bytes)
Event: 6.986 Thread 0x000001ce5f0a76d0 nmethod 3061 0x000001ce495d4e10 code [0x000001ce495d51e0, 0x000001ce495d6f78]
Event: 6.986 Thread 0x000001ce5f0a76d0 3067       3       org.eclipse.aether.graph.Dependency$Exclusions::copy (26 bytes)
Event: 6.986 Thread 0x000001ce5f0a76d0 nmethod 3067 0x000001ce495d7910 code [0x000001ce495d7ae0, 0x000001ce495d7e38]
Event: 6.986 Thread 0x000001ce5f0a76d0 3068       3       org.eclipse.aether.graph.Dependency::<init> (43 bytes)
Event: 6.986 Thread 0x000001ce5f0a76d0 nmethod 3068 0x000001ce495d7f90 code [0x000001ce495d8160, 0x000001ce495d8728]
Event: 6.987 Thread 0x000001ce5f0a76d0 3063       3       org.eclipse.aether.artifact.DefaultArtifact::<init> (130 bytes)
Event: 6.988 Thread 0x000001ce5f0a76d0 nmethod 3063 0x000001ce495d8890 code [0x000001ce495d8ae0, 0x000001ce495d9748]
Event: 6.988 Thread 0x000001ce5f0a76d0 3064       3       org.eclipse.aether.artifact.DefaultArtifact::merge (70 bytes)

GC Heap History (6 events):
Event: 2.828 GC heap before
{Heap before GC invocations=0 (full 0):
 garbage-first heap   total 129024K, used 13312K [0x0000000082200000, 0x0000000100000000)
  region size 1024K, 13 young (13312K), 0 survivors (0K)
 Metaspace       used 3791K, committed 3904K, reserved 1114112K
  class space    used 368K, committed 448K, reserved 1048576K
}
Event: 2.878 GC heap after
{Heap after GC invocations=1 (full 0):
 garbage-first heap   total 129024K, used 3739K [0x0000000082200000, 0x0000000100000000)
  region size 1024K, 2 young (2048K), 2 survivors (2048K)
 Metaspace       used 3791K, committed 3904K, reserved 1114112K
  class space    used 368K, committed 448K, reserved 1048576K
}
Event: 3.514 GC heap before
{Heap before GC invocations=1 (full 0):
 garbage-first heap   total 129024K, used 13979K [0x0000000082200000, 0x0000000100000000)
  region size 1024K, 12 young (12288K), 2 survivors (2048K)
 Metaspace       used 5423K, committed 5632K, reserved 1114112K
  class space    used 606K, committed 704K, reserved 1048576K
}
Event: 3.520 GC heap after
{Heap after GC invocations=2 (full 0):
 garbage-first heap   total 129024K, used 4555K [0x0000000082200000, 0x0000000100000000)
  region size 1024K, 1 young (1024K), 1 survivors (1024K)
 Metaspace       used 5423K, committed 5632K, reserved 1114112K
  class space    used 606K, committed 704K, reserved 1048576K
}
Event: 4.887 GC heap before
{Heap before GC invocations=2 (full 0):
 garbage-first heap   total 129024K, used 31179K [0x0000000082200000, 0x0000000100000000)
  region size 1024K, 28 young (28672K), 1 survivors (1024K)
 Metaspace       used 9752K, committed 9920K, reserved 1114112K
  class space    used 1147K, committed 1216K, reserved 1048576K
}
Event: 4.892 GC heap after
{Heap after GC invocations=3 (full 0):
 garbage-first heap   total 129024K, used 6037K [0x0000000082200000, 0x0000000100000000)
  region size 1024K, 3 young (3072K), 3 survivors (3072K)
 Metaspace       used 9752K, committed 9920K, reserved 1114112K
  class space    used 1147K, committed 1216K, reserved 1048576K
}

Deoptimization events (20 events):
Event: 6.181 Thread 0x000001ce3f8c1470 DEOPT PACKING pc=0x000001ce505fb930 sp=0x00000098d3cfdd70
Event: 6.181 Thread 0x000001ce3f8c1470 DEOPT UNPACKING pc=0x000001ce48a823a3 sp=0x00000098d3cfdcf0 mode 2
Event: 6.270 Thread 0x000001ce3f8c1470 Uncommon trap: trap_request=0xffffff45 fr.pc=0x000001ce50604d04 relative=0x0000000000000dc4
Event: 6.270 Thread 0x000001ce3f8c1470 Uncommon trap: reason=unstable_if action=reinterpret pc=0x000001ce50604d04 method=org.codehaus.plexus.util.xml.pull.MXParser.nextImpl()I @ 972 c2
Event: 6.270 Thread 0x000001ce3f8c1470 DEOPT PACKING pc=0x000001ce50604d04 sp=0x00000098d3cfe140
Event: 6.270 Thread 0x000001ce3f8c1470 DEOPT UNPACKING pc=0x000001ce48a823a3 sp=0x00000098d3cfe0c0 mode 2
Event: 6.292 Thread 0x000001ce3f8c1470 Uncommon trap: trap_request=0xffffff45 fr.pc=0x000001ce5055debc relative=0x000000000000023c
Event: 6.292 Thread 0x000001ce3f8c1470 Uncommon trap: reason=unstable_if action=reinterpret pc=0x000001ce5055debc method=java.lang.String.decodeASCII([BI[CII)I @ 7 c2
Event: 6.292 Thread 0x000001ce3f8c1470 DEOPT PACKING pc=0x000001ce5055debc sp=0x00000098d3cfdbe0
Event: 6.292 Thread 0x000001ce3f8c1470 DEOPT UNPACKING pc=0x000001ce48a823a3 sp=0x00000098d3cfdb90 mode 2
Event: 6.337 Thread 0x000001ce3f8c1470 Uncommon trap: trap_request=0xffffff45 fr.pc=0x000001ce50602c1c relative=0x000000000000009c
Event: 6.337 Thread 0x000001ce3f8c1470 Uncommon trap: reason=unstable_if action=reinterpret pc=0x000001ce50602c1c method=org.apache.maven.model.validation.DefaultModelValidator.isValidIdCharacter(C)Z @ 51 c2
Event: 6.337 Thread 0x000001ce3f8c1470 DEOPT PACKING pc=0x000001ce50602c1c sp=0x00000098d3cfe330
Event: 6.337 Thread 0x000001ce3f8c1470 DEOPT UNPACKING pc=0x000001ce48a823a3 sp=0x00000098d3cfe2b8 mode 2
Event: 6.446 Thread 0x000001ce3f8c1470 DEOPT PACKING pc=0x000001ce494d64f6 sp=0x00000098d3cfda00
Event: 6.446 Thread 0x000001ce3f8c1470 DEOPT UNPACKING pc=0x000001ce48a82b43 sp=0x00000098d3cfcf00 mode 0
Event: 6.697 Thread 0x000001ce3f8c1470 Uncommon trap: trap_request=0xffffffcc fr.pc=0x000001ce5062840c relative=0x000000000000036c
Event: 6.697 Thread 0x000001ce3f8c1470 Uncommon trap: reason=intrinsic_or_type_checked_inlining action=make_not_entrant pc=0x000001ce5062840c method=java.util.Arrays.copyOf([Ljava/lang/Object;ILjava/lang/Class;)[Ljava/lang/Object; @ 35 c2
Event: 6.697 Thread 0x000001ce3f8c1470 DEOPT PACKING pc=0x000001ce5062840c sp=0x00000098d3cfe1d0
Event: 6.697 Thread 0x000001ce3f8c1470 DEOPT UNPACKING pc=0x000001ce48a823a3 sp=0x00000098d3cfe160 mode 2

Classes loaded (20 events):
Event: 5.953 Loading class sun/util/resources/LocaleData$CommonResourceBundleProvider
Event: 5.953 Loading class sun/util/resources/LocaleData$LocaleDataResourceBundleProvider
Event: 5.953 Loading class java/util/spi/ResourceBundleProvider
Event: 5.953 Loading class java/util/spi/ResourceBundleProvider done
Event: 5.953 Loading class sun/util/resources/LocaleData$LocaleDataResourceBundleProvider done
Event: 5.953 Loading class sun/util/resources/LocaleData$CommonResourceBundleProvider done
Event: 5.953 Loading class sun/util/resources/Bundles$2
Event: 5.953 Loading class sun/util/resources/Bundles$2 done
Event: 6.076 Loading class java/math/BigDecimal
Event: 6.076 Loading class java/math/BigDecimal done
Event: 6.077 Loading class java/lang/Short$ShortCache
Event: 6.077 Loading class java/lang/Short$ShortCache done
Event: 6.077 Loading class java/lang/Byte$ByteCache
Event: 6.077 Loading class java/lang/Byte$ByteCache done
Event: 6.085 Loading class sun/invoke/util/ValueConversions$1
Event: 6.085 Loading class sun/invoke/util/ValueConversions$1 done
Event: 6.086 Loading class java/lang/invoke/BoundMethodHandle$Species_LI
Event: 6.086 Loading class java/lang/invoke/BoundMethodHandle$Species_LI done
Event: 6.375 Loading class java/util/LinkedList$ListItr
Event: 6.375 Loading class java/util/LinkedList$ListItr done

Classes unloaded (0 events):
No events

Classes redefined (0 events):
No events

Internal exceptions (20 events):
Event: 3.102 Thread 0x000001ce3f8c1470 Exception <a 'java/lang/NoSuchMethodError'{0x0000000089c239e8}: 'java.lang.Object java.lang.invoke.DirectMethodHandle$Holder.newInvokeSpecial(java.lang.Object, java.lang.Object, java.lang.Object, java.lang.Object, java.lang.Object)'> (0x0000000089c239e8) 
thrown [s\open\src\hotspot\share\interpreter\linkResolver.cpp, line 766]
Event: 3.220 Thread 0x000001ce3f8c1470 Exception <a 'java/lang/NoClassDefFoundError'{0x0000000089b83c30}: javax/enterprise/inject/Typed> (0x0000000089b83c30) 
thrown [s\open\src\hotspot\share\classfile\systemDictionary.cpp, line 244]
Event: 5.038 Thread 0x000001ce3f8c1470 Exception <a 'java/lang/NoSuchMethodError'{0x0000000089d74398}: 'void java.lang.invoke.DirectMethodHandle$Holder.invokeSpecial(java.lang.Object, java.lang.Object, java.lang.Object)'> (0x0000000089d74398) 
thrown [s\open\src\hotspot\share\interpreter\linkResolver.cpp, line 766]
Event: 5.046 Thread 0x000001ce3f8c1470 Exception <a 'java/lang/NoSuchMethodError'{0x0000000089d9c848}: 'void java.lang.invoke.Invokers$Holder.invokeExact_MT(java.lang.Object, java.lang.Object, java.lang.Object, java.lang.Object)'> (0x0000000089d9c848) 
thrown [s\open\src\hotspot\share\interpreter\linkResolver.cpp, line 766]
Event: 5.096 Thread 0x000001ce3f8c1470 Exception <a 'java/lang/NoClassDefFoundError'{0x0000000089c23050}: com/google/inject/servlet/ServletModuleTargetVisitor> (0x0000000089c23050) 
thrown [s\open\src\hotspot\share\classfile\systemDictionary.cpp, line 244]
Event: 5.167 Thread 0x000001ce3f8c1470 Exception <a 'java/lang/NoSuchMethodError'{0x0000000089b0d678}: 'java.lang.Object java.lang.invoke.DirectMethodHandle$Holder.invokeStatic(java.lang.Object, java.lang.Object, int)'> (0x0000000089b0d678) 
thrown [s\open\src\hotspot\share\interpreter\linkResolver.cpp, line 766]
Event: 5.168 Thread 0x000001ce3f8c1470 Exception <a 'java/lang/NoSuchMethodError'{0x0000000089b19a88}: 'void java.lang.invoke.DelegatingMethodHandle$Holder.delegate(java.lang.Object, java.lang.Object, int, java.lang.Object)'> (0x0000000089b19a88) 
thrown [s\open\src\hotspot\share\interpreter\linkResolver.cpp, line 766]
Event: 5.169 Thread 0x000001ce3f8c1470 Exception <a 'java/lang/NoSuchMethodError'{0x0000000089b1e340}: 'int java.lang.invoke.DirectMethodHandle$Holder.invokeSpecial(java.lang.Object, java.lang.Object, java.lang.Object)'> (0x0000000089b1e340) 
thrown [s\open\src\hotspot\share\interpreter\linkResolver.cpp, line 766]
Event: 5.247 Thread 0x000001ce3f8c1470 Exception <a 'java/lang/NoSuchMethodError'{0x0000000089a610c8}: 'java.lang.Object java.lang.invoke.DirectMethodHandle$Holder.newInvokeSpecial(java.lang.Object, java.lang.Object, java.lang.Object, java.lang.Object, java.lang.Object, java.lang.Object, java.lang.Object)'> (0x0000000089a610c8) 
thrown [s\open\src\hotspot\share\interpreter\linkResolver.cpp, line 766]
Event: 5.275 Thread 0x000001ce3f8c1470 Exception <a 'java/lang/NoSuchMethodError'{0x0000000089a9f6a0}: 'java.lang.Object java.lang.invoke.DirectMethodHandle$Holder.newInvokeSpecial(java.lang.Object, java.lang.Object, java.lang.Object, java.lang.Object, java.lang.Object, java.lang.Object, java.lang.Object, java.lang.Object, java.lang.Object)'> (0x0000000089a9f6a0) 
thrown [s\open\src\hotspot\share\interpreter\linkResolver.cpp, line 766]
Event: 5.276 Thread 0x000001ce3f8c1470 Exception <a 'java/lang/NoSuchMethodError'{0x0000000089aa5a00}: 'java.lang.Object java.lang.invoke.DirectMethodHandle$Holder.invokeSpecial(java.lang.Object, java.lang.Object, java.lang.Object, java.lang.Object, java.lang.Object, java.lang.Object, java.lang.Object, java.lang.Object, java.lang.Object, java.lang.Object)'> (0x0000000089aa5a00) 
thrown [s\open\src\hotspot\share\interpreter\linkResolver.cpp, line 766]
Event: 5.357 Thread 0x000001ce3f8c1470 Exception <a 'java/lang/NoSuchMethodError'{0x0000000089955088}: 'java.lang.Object java.lang.invoke.DirectMethodHandle$Holder.newInvokeSpecial(java.lang.Object, java.lang.Object, java.lang.Object, java.lang.Object, java.lang.Object, java.lang.Object, java.lang.Object, java.lang.Object, java.lang.Object, java.lang.Object, java.lang.Object, java.lang.Object)'> (0x0000000089955088) 
thrown [s\open\src\hotspot\share\interpreter\linkResolver.cpp, line 766]
Event: 5.359 Thread 0x000001ce3f8c1470 Exception <a 'java/lang/NoSuchMethodError'{0x000000008995b1b8}: 'java.lang.Object java.lang.invoke.DirectMethodHandle$Holder.invokeSpecial(java.lang.Object, java.lang.Object, java.lang.Object, java.lang.Object, java.lang.Object, java.lang.Object, java.lang.Object, java.lang.Object, java.lang.Object, java.lang.Object, java.lang.Object, java.lang.Object, java.lang.Object)'> (0x000000008995b1b8) 
thrown [s\open\src\hotspot\share\interpreter\linkResolver.cpp, line 766]
Event: 5.420 Thread 0x000001ce3f8c1470 Exception <a 'java/lang/NoSuchMethodError'{0x000000008980f488}: 'java.lang.Object java.lang.invoke.DirectMethodHandle$Holder.invokeStaticInit(java.lang.Object, int, int, int, int)'> (0x000000008980f488) 
thrown [s\open\src\hotspot\share\interpreter\linkResolver.cpp, line 766]
Event: 5.775 Thread 0x000001ce3f8c1470 Implicit null exception at 0x000001ce505d08d2 to 0x000001ce505d0e04
Event: 5.775 Thread 0x000001ce3f8c1470 Implicit null exception at 0x000001ce505415d2 to 0x000001ce50541afc
Event: 6.085 Thread 0x000001ce3f8c1470 Exception <a 'java/lang/NoSuchMethodError'{0x0000000089086c98}: 'void java.lang.invoke.DirectMethodHandle$Holder.invokeVirtual(java.lang.Object, java.lang.Object, int)'> (0x0000000089086c98) 
thrown [s\open\src\hotspot\share\interpreter\linkResolver.cpp, line 766]
Event: 6.086 Thread 0x000001ce3f8c1470 Exception <a 'java/lang/NoSuchMethodError'{0x000000008908b138}: 'int java.lang.invoke.DirectMethodHandle$Holder.invokeSpecial(java.lang.Object, java.lang.Object, java.lang.Object, int)'> (0x000000008908b138) 
thrown [s\open\src\hotspot\share\interpreter\linkResolver.cpp, line 766]
Event: 6.088 Thread 0x000001ce3f8c1470 Exception <a 'java/lang/NoSuchMethodError'{0x000000008909dad8}: 'java.lang.Object java.lang.invoke.DirectMethodHandle$Holder.invokeStatic(java.lang.Object, java.lang.Object, java.lang.Object, java.lang.Object, int)'> (0x000000008909dad8) 
thrown [s\open\src\hotspot\share\interpreter\linkResolver.cpp, line 766]
Event: 6.089 Thread 0x000001ce3f8c1470 Exception <a 'java/lang/NoSuchMethodError'{0x00000000890a93b0}: 'void java.lang.invoke.DelegatingMethodHandle$Holder.reinvoke_L(java.lang.Object, java.lang.Object, int)'> (0x00000000890a93b0) 
thrown [s\open\src\hotspot\share\interpreter\linkResolver.cpp, line 766]

VM Operations (20 events):
Event: 4.886 Executing VM operation: G1CollectForAllocation
Event: 4.892 Executing VM operation: G1CollectForAllocation done
Event: 5.036 Executing VM operation: HandshakeAllThreads
Event: 5.037 Executing VM operation: HandshakeAllThreads done
Event: 5.166 Executing VM operation: HandshakeAllThreads
Event: 5.166 Executing VM operation: HandshakeAllThreads done
Event: 5.396 Executing VM operation: HandshakeAllThreads
Event: 5.397 Executing VM operation: HandshakeAllThreads done
Event: 5.449 Executing VM operation: ICBufferFull
Event: 5.449 Executing VM operation: ICBufferFull done
Event: 5.461 Executing VM operation: HandshakeAllThreads
Event: 5.461 Executing VM operation: HandshakeAllThreads done
Event: 5.683 Executing VM operation: HandshakeAllThreads
Event: 5.683 Executing VM operation: HandshakeAllThreads done
Event: 5.744 Executing VM operation: HandshakeAllThreads
Event: 5.744 Executing VM operation: HandshakeAllThreads done
Event: 5.744 Executing VM operation: HandshakeAllThreads
Event: 5.744 Executing VM operation: HandshakeAllThreads done
Event: 6.344 Executing VM operation: ICBufferFull
Event: 6.344 Executing VM operation: ICBufferFull done

Events (20 events):
Event: 0.333 Thread 0x000001ce5f0a76d0 Thread added: 0x000001ce5f0a76d0
Event: 0.333 Thread 0x000001ce5f0b4180 Thread added: 0x000001ce5f0b4180
Event: 0.589 Thread 0x000001ce63450570 Thread added: 0x000001ce63450570
Event: 0.709 Loaded shared library C:\Program Files\Java\jdk-18.0.1\bin\zip.dll
Event: 0.713 Loaded shared library C:\Program Files\Java\jdk-18.0.1\bin\instrument.dll
Event: 0.723 Loaded shared library C:\Program Files\Java\jdk-18.0.1\bin\net.dll
Event: 0.728 Loaded shared library C:\Program Files\Java\jdk-18.0.1\bin\nio.dll
Event: 0.736 Loaded shared library C:\Program Files\Java\jdk-18.0.1\bin\zip.dll
Event: 0.908 Loaded shared library C:\Program Files\JetBrains\IntelliJ IDEA 2021.3.1\bin\breakgen64.dll
Event: 0.909 Thread 0x000001ce63540e20 Thread added: 0x000001ce63540e20
Event: 0.909 Thread 0x000001ce63510b70 Thread added: 0x000001ce63510b70
Event: 1.102 Loaded shared library C:\Program Files\Java\jdk-18.0.1\bin\jimage.dll
Event: 1.692 Loaded shared library C:\Users\Fritzgy Lubin\AppData\Local\Temp\jansi-2.4.0-8c3c347d8da62c6f-jansi.dll
Event: 1.715 Loaded shared library C:\Program Files\Java\jdk-18.0.1\bin\verify.dll
Event: 3.307 Thread 0x000001ce63e16c80 Thread added: 0x000001ce63e16c80
Event: 5.654 Thread 0x000001ce63e16c80 Thread exited: 0x000001ce63e16c80
Event: 5.846 Thread 0x000001ce63fc92c0 Thread added: 0x000001ce63fc92c0
Event: 6.049 Thread 0x000001ce63fc92c0 Thread exited: 0x000001ce63fc92c0
Event: 6.203 Thread 0x000001ce5f152ed0 Thread added: 0x000001ce5f152ed0
Event: 6.659 Thread 0x000001ce5f152ed0 Thread exited: 0x000001ce5f152ed0


Dynamic libraries:
0x00007ff6d1f20000 - 0x00007ff6d1f30000 	C:\Program Files\Java\jdk-18.0.1\bin\java.exe
0x00007fff59410000 - 0x00007fff59605000 	C:\windows\SYSTEM32\ntdll.dll
0x00007fff58e80000 - 0x00007fff58f3e000 	C:\windows\System32\KERNEL32.DLL
0x00007fff56c70000 - 0x00007fff56f38000 	C:\windows\System32\KERNELBASE.dll
0x00007fff57000000 - 0x00007fff57100000 	C:\windows\System32\ucrtbase.dll
0x00007fff4fb10000 - 0x00007fff4fb28000 	C:\Program Files\Java\jdk-18.0.1\bin\jli.dll
0x00007fff58c90000 - 0x00007fff58d3e000 	C:\windows\System32\ADVAPI32.dll
0x00007fff58240000 - 0x00007fff582de000 	C:\windows\System32\msvcrt.dll
0x00007fff581a0000 - 0x00007fff5823c000 	C:\windows\System32\sechost.dll
0x00007fff59170000 - 0x00007fff59295000 	C:\windows\System32\RPCRT4.dll
0x00007fff58f40000 - 0x00007fff590e0000 	C:\windows\System32\USER32.dll
0x00007fff56c40000 - 0x00007fff56c62000 	C:\windows\System32\win32u.dll
0x00007fff582e0000 - 0x00007fff5830a000 	C:\windows\System32\GDI32.dll
0x00007fff56b30000 - 0x00007fff56c3b000 	C:\windows\System32\gdi32full.dll
0x00007fff571b0000 - 0x00007fff5724d000 	C:\windows\System32\msvcp_win.dll
0x00007fff3fc40000 - 0x00007fff3feda000 	C:\windows\WinSxS\amd64_microsoft.windows.common-controls_6595b64144ccf1df_6.0.19041.1110_none_60b5254171f9507e\COMCTL32.dll
0x00007fff4a9b0000 - 0x00007fff4a9ba000 	C:\windows\SYSTEM32\VERSION.dll
0x00007fff4f310000 - 0x00007fff4f32a000 	C:\Program Files\Java\jdk-18.0.1\bin\VCRUNTIME140.dll
0x00007fff58b40000 - 0x00007fff58b70000 	C:\windows\System32\IMM32.DLL
0x00007fff4fc10000 - 0x00007fff4fc1c000 	C:\Program Files\Java\jdk-18.0.1\bin\vcruntime140_1.dll
0x00007fff4b000000 - 0x00007fff4b08d000 	C:\Program Files\Java\jdk-18.0.1\bin\msvcp140.dll
0x00007ffef1840000 - 0x00007ffef2450000 	C:\Program Files\Java\jdk-18.0.1\bin\server\jvm.dll
0x00007fff58b30000 - 0x00007fff58b38000 	C:\windows\System32\PSAPI.DLL
0x00007fff3cc80000 - 0x00007fff3cc89000 	C:\windows\SYSTEM32\WSOCK32.dll
0x00007fff58b70000 - 0x00007fff58bdb000 	C:\windows\System32\WS2_32.dll
0x00007fff3e760000 - 0x00007fff3e787000 	C:\windows\SYSTEM32\WINMM.dll
0x00007fff553a0000 - 0x00007fff553b2000 	C:\windows\SYSTEM32\kernel.appcore.dll
0x00007fff4f300000 - 0x00007fff4f30a000 	C:\Program Files\Java\jdk-18.0.1\bin\jimage.dll
0x00007fff550b0000 - 0x00007fff55294000 	C:\windows\SYSTEM32\DBGHELP.DLL
0x00007fff41580000 - 0x00007fff415ac000 	C:\windows\SYSTEM32\dbgcore.DLL
0x00007fff56f70000 - 0x00007fff56ff2000 	C:\windows\System32\bcryptPrimitives.dll
0x00007fff4f2e0000 - 0x00007fff4f2ee000 	C:\Program Files\Java\jdk-18.0.1\bin\instrument.dll
0x00007fff35340000 - 0x00007fff35365000 	C:\Program Files\Java\jdk-18.0.1\bin\java.dll
0x00007fff1b6b0000 - 0x00007fff1b786000 	C:\Program Files\Java\jdk-18.0.1\bin\jsvml.dll
0x00007fff583e0000 - 0x00007fff58b24000 	C:\windows\System32\SHELL32.dll
0x00007fff54840000 - 0x00007fff54fd4000 	C:\windows\SYSTEM32\windows.storage.dll
0x00007fff57b70000 - 0x00007fff57ec4000 	C:\windows\System32\combase.dll
0x00007fff563f0000 - 0x00007fff5641c000 	C:\windows\SYSTEM32\Wldp.dll
0x00007fff57ac0000 - 0x00007fff57b6d000 	C:\windows\System32\SHCORE.dll
0x00007fff57f80000 - 0x00007fff57fd5000 	C:\windows\System32\shlwapi.dll
0x00007fff56a70000 - 0x00007fff56a8f000 	C:\windows\SYSTEM32\profapi.dll
0x00007fff312b0000 - 0x00007fff312c8000 	C:\Program Files\Java\jdk-18.0.1\bin\zip.dll
0x00007fff3e710000 - 0x00007fff3e723000 	C:\Program Files\Java\jdk-18.0.1\bin\net.dll
0x00007fff44800000 - 0x00007fff4490a000 	C:\windows\SYSTEM32\WINHTTP.dll
0x00007fff561d0000 - 0x00007fff5623a000 	C:\windows\system32\mswsock.dll
0x00007fff35320000 - 0x00007fff35336000 	C:\Program Files\Java\jdk-18.0.1\bin\nio.dll
0x00007fff44fb0000 - 0x00007fff44fca000 	C:\Program Files\JetBrains\IntelliJ IDEA 2021.3.1\bin\breakgen64.dll
0x0000000069ac0000 - 0x0000000069ae4000 	C:\Users\Fritzgy Lubin\AppData\Local\Temp\jansi-2.4.0-8c3c347d8da62c6f-jansi.dll
0x00007fff3ae60000 - 0x00007fff3ae70000 	C:\Program Files\Java\jdk-18.0.1\bin\verify.dll

dbghelp: loaded successfully - version: 4.0.5 - missing functions: none
symbol engine: initialized successfully - sym options: 0x614 - pdb path: .;C:\Program Files\Java\jdk-18.0.1\bin;C:\windows\SYSTEM32;C:\windows\WinSxS\amd64_microsoft.windows.common-controls_6595b64144ccf1df_6.0.19041.1110_none_60b5254171f9507e;C:\Program Files\Java\jdk-18.0.1\bin\server;C:\Program Files\JetBrains\IntelliJ IDEA 2021.3.1\bin;C:\Users\Fritzgy Lubin\AppData\Local\Temp

VM Arguments:
jvm_args: -Dmaven.multiModuleProjectDirectory=C:\Users\Fritzgy Lubin\Desktop\todo-list\api -Dmaven.home=C:\Users\Fritzgy Lubin\.m2\wrapper\dists\apache-maven-3.8.4-bin\52ccbt68d252mdldqsfsn03jlf\apache-maven-3.8.4 -Dclassworlds.conf=C:\Users\Fritzgy Lubin\.m2\wrapper\dists\apache-maven-3.8.4-bin\52ccbt68d252mdldqsfsn03jlf\apache-maven-3.8.4\bin\m2.conf -Dmaven.ext.class.path=C:\Program Files\JetBrains\IntelliJ IDEA 2021.3.1\plugins\maven\lib\maven-event-listener.jar -javaagent:C:\Program Files\JetBrains\IntelliJ IDEA 2021.3.1\lib\idea_rt.jar=62106:C:\Program Files\JetBrains\IntelliJ IDEA 2021.3.1\bin -Dfile.encoding=UTF-8 
java_command: org.codehaus.classworlds.Launcher -Didea.version=2021.3.1 install
java_class_path (initial): C:\Users\Fritzgy Lubin\.m2\wrapper\dists\apache-maven-3.8.4-bin\52ccbt68d252mdldqsfsn03jlf\apache-maven-3.8.4\boot\plexus-classworlds-2.6.0.jar;C:\Users\Fritzgy Lubin\.m2\wrapper\dists\apache-maven-3.8.4-bin\52ccbt68d252mdldqsfsn03jlf\apache-maven-3.8.4\boot\plexus-classworlds.license
Launcher Type: SUN_STANDARD

[Global flags]
     intx CICompilerCount                          = 3                                         {product} {ergonomic}
     uint ConcGCThreads                            = 1                                         {product} {ergonomic}
     uint G1ConcRefinementThreads                  = 4                                         {product} {ergonomic}
   size_t G1HeapRegionSize                         = 1048576                                   {product} {ergonomic}
    uintx GCDrainStackTargetSize                   = 64                                        {product} {ergonomic}
   size_t InitialHeapSize                          = 132120576                                 {product} {ergonomic}
   size_t MarkStackSize                            = 4194304                                   {product} {ergonomic}
   size_t MaxHeapSize                              = 2111832064                                {product} {ergonomic}
   size_t MaxNewSize                               = 1266679808                                {product} {ergonomic}
   size_t MinHeapDeltaBytes                        = 1048576                                   {product} {ergonomic}
   size_t MinHeapSize                              = 8388608                                   {product} {ergonomic}
    uintx NonNMethodCodeHeapSize                   = 5832780                                {pd product} {ergonomic}
    uintx NonProfiledCodeHeapSize                  = 122912730                              {pd product} {ergonomic}
    uintx ProfiledCodeHeapSize                     = 122912730                              {pd product} {ergonomic}
    uintx ReservedCodeCacheSize                    = 251658240                              {pd product} {ergonomic}
     bool SegmentedCodeCache                       = true                                      {product} {ergonomic}
   size_t SoftMaxHeapSize                          = 2111832064                             {manageable} {ergonomic}
     bool UseCompressedClassPointers               = true                           {product lp64_product} {ergonomic}
     bool UseCompressedOops                        = true                           {product lp64_product} {ergonomic}
     bool UseG1GC                                  = true                                      {product} {ergonomic}
     bool UseLargePagesIndividualAllocation        = false                                  {pd product} {ergonomic}

Logging:
Log output configuration:
 #0: stdout all=warning uptime,level,tags foldmultilines=false
 #1: stderr all=off uptime,level,tags foldmultilines=false

Environment Variables:
PATH=C:\Program Files\Common Files\Oracle\Java\javapath;C:\Program Files (x86)\Common Files\Oracle\Java\javapath;C:\windows\system32;C:\windows;C:\windows\System32\Wbem;C:\windows\System32\WindowsPowerShell\v1.0\;C:\windows\System32\OpenSSH\;C:\wamp64\bin\php\php7.4.9;C:\ProgramData\ComposerSetup\bin;C:\Program Files\Git\cmd;C:\Program Files\Java\jdk-18.0.1;C:\Program Files\nodejs\;C:\ProgramData\chocolatey\bin;C:\Program Files\PostgreSQL\14\bin;C:\Program Files\PostgreSQL\14\lib;C:\Users\Fritzgy Lubin\scoop\shims;C:\Ruby30-x64\bin;C:\Users\Fritzgy Lubin\AppData\Local\Microsoft\WindowsApps;C:\Users\Fritzgy Lubin\AppData\Local\Programs\Microsoft VS Code\bin;C:\Users\Fritzgy Lubin\AppData\Local\GitHubDesktop\bin;C:\Users\Fritzgy Lubin\AppData\Roaming\Composer\vendor\bin;C:\Program Files\heroku\bin;C:\Program Files\JetBrains\IntelliJ IDEA 2021.3.1\bin;;C:\Users\Fritzgy Lubin\AppData\Roaming\npm;%PhpStorm%
USERNAME=Fritzgy Lubin
OS=Windows_NT
PROCESSOR_IDENTIFIER=Intel64 Family 6 Model 142 Stepping 9, GenuineIntel



---------------  S Y S T E M  ---------------

OS:
 Windows 10 , 64 bit Build 19041 (10.0.19041.1645)
OS uptime: 3 days 22:00 hours
Hyper-V role detected

CPU: total 4 (initial active 4) (2 cores per cpu, 2 threads per core) family 6 model 142 stepping 9 microcode 0xb4, cx8, cmov, fxsr, ht, mmx, 3dnowpref, sse, sse2, sse3, ssse3, sse4.1, sse4.2, popcnt, lzcnt, tsc, tscinvbit, avx, avx2, aes, erms, clmul, bmi1, bmi2, adx, fma, vzeroupper, clflush, clflushopt, hv

Memory: 4k page, system-wide physical 8051M (663M free)
TotalPageFile size 18417M (AvailPageFile size 4M)
current process WorkingSet (physical memory assigned to process): 112M, peak: 112M
current process commit charge ("private bytes"): 232M, peak: 233M

vm_info: Java HotSpot(TM) 64-Bit Server VM (18.0.1+10-24) for windows-amd64 JRE (18.0.1+10-24), built on Mar  9 2022 22:41:56 by "mach5one" with MS VC++ 16.8 / 16.9 (VS2019)

END.
